2020-03-05 13:37:51,282 INFO o.a.j.u.JMeterUtils: Setting Locale to en_EN
2020-03-05 13:37:51,302 INFO o.a.j.JMeter: Loading user properties from: /Users/krishanshukla/Documents/work/jmeter_performance/apache-jmeter-5.1.1/bin/user.properties
2020-03-05 13:37:51,303 INFO o.a.j.JMeter: Loading system properties from: /Users/krishanshukla/Documents/work/jmeter_performance/apache-jmeter-5.1.1/bin/system.properties
2020-03-05 13:37:51,309 INFO o.a.j.JMeter: Copyright (c) 1998-2019 The Apache Software Foundation
2020-03-05 13:37:51,309 INFO o.a.j.JMeter: Version 5.1.1 r1855137
2020-03-05 13:37:51,309 INFO o.a.j.JMeter: java.version=1.8.0_221
2020-03-05 13:37:51,309 INFO o.a.j.JMeter: java.vm.name=Java HotSpot(TM) 64-Bit Server VM
2020-03-05 13:37:51,309 INFO o.a.j.JMeter: os.name=Mac OS X
2020-03-05 13:37:51,309 INFO o.a.j.JMeter: os.arch=x86_64
2020-03-05 13:37:51,309 INFO o.a.j.JMeter: os.version=10.14.6
2020-03-05 13:37:51,309 INFO o.a.j.JMeter: file.encoding=UTF-8
2020-03-05 13:37:51,309 INFO o.a.j.JMeter: java.awt.headless=null
2020-03-05 13:37:51,309 INFO o.a.j.JMeter: Max memory     =1073741824
2020-03-05 13:37:51,310 INFO o.a.j.JMeter: Available Processors =8
2020-03-05 13:37:51,313 INFO o.a.j.JMeter: Default Locale=English (EN)
2020-03-05 13:37:51,313 INFO o.a.j.JMeter: JMeter  Locale=English (EN)
2020-03-05 13:37:51,313 INFO o.a.j.JMeter: JMeterHome=/Users/krishanshukla/Documents/work/jmeter_performance/apache-jmeter-5.1.1
2020-03-05 13:37:51,313 INFO o.a.j.JMeter: user.dir  =/Users/krishanshukla/Documents/work/RandomGenApp
2020-03-05 13:37:51,313 INFO o.a.j.JMeter: PWD       =/Users/krishanshukla/Documents/work/RandomGenApp
2020-03-05 13:37:51,353 INFO o.a.j.JMeter: IP: 138.37.234.249 Name: GEL-C02Z7099L413 FullName: host-138-37-234-249.qmul.ac.uk
2020-03-05 13:37:53,797 INFO o.a.j.g.a.LookAndFeelCommand: Installing Darcula LAF
2020-03-05 13:37:53,820 INFO o.a.j.g.a.LookAndFeelCommand: Using look and feel: com.bulenkov.darcula.DarculaLaf [Darcula]
2020-03-05 13:37:53,820 INFO o.a.j.JMeter: Setting LAF to: com.bulenkov.darcula.DarculaLaf
2020-03-05 13:37:53,923 INFO o.a.j.JMeter: Loaded icon properties from org/apache/jmeter/images/icon.properties
2020-03-05 13:37:55,372 INFO o.j.r.JARSourceHTTP: Requesting https://jmeter-plugins.org/repo/?installID=mac_os_x-3315fe84b4fcad69918d20f3fa6108d3-gui
2020-03-05 13:37:56,619 INFO o.a.j.p.h.s.HTTPSamplerBase: Parser for text/html is org.apache.jmeter.protocol.http.parser.LagartoBasedHtmlParser
2020-03-05 13:37:56,622 INFO o.a.j.p.h.s.HTTPSamplerBase: Parser for application/xhtml+xml is org.apache.jmeter.protocol.http.parser.LagartoBasedHtmlParser
2020-03-05 13:37:56,622 INFO o.a.j.p.h.s.HTTPSamplerBase: Parser for application/xml is org.apache.jmeter.protocol.http.parser.LagartoBasedHtmlParser
2020-03-05 13:37:56,622 INFO o.a.j.p.h.s.HTTPSamplerBase: Parser for text/xml is org.apache.jmeter.protocol.http.parser.LagartoBasedHtmlParser
2020-03-05 13:37:56,623 INFO o.a.j.p.h.s.HTTPSamplerBase: Parser for text/vnd.wap.wml is org.apache.jmeter.protocol.http.parser.RegexpHTMLParser
2020-03-05 13:37:56,623 INFO o.a.j.p.h.s.HTTPSamplerBase: Parser for text/css is org.apache.jmeter.protocol.http.parser.CssParser
2020-03-05 13:37:57,255 INFO o.j.r.PluginManager: Plugins Status: [jpgc-casutg=2.9, bzm-parallel=0.9, jpgc-plugins-manager=1.3, websocket-samplers=1.2.2, jmeter-core=5.1.1, jmeter-ftp=5.1.1, jmeter-http=5.1.1, jmeter-jdbc=5.1.1, jmeter-jms=5.1.1, jmeter-junit=5.1.1, jmeter-java=5.1.1, jmeter-ldap=5.1.1, jmeter-mail=5.1.1, jmeter-mongodb=5.1.1, jmeter-native=5.1.1, jmeter-tcp=5.1.1, jmeter-components=5.1.1]
2020-03-05 13:37:58,159 INFO o.a.j.e.KeyToolUtils: keytool found at 'keytool'
2020-03-05 13:37:58,159 INFO o.a.j.p.h.p.ProxyControl: HTTP(S) Test Script Recorder SSL Proxy will use keys that support embedded 3rd party resources in file /Users/krishanshukla/Documents/work/jmeter_performance/apache-jmeter-5.1.1/bin/proxyserver.jks
2020-03-05 13:37:58,457 INFO o.a.j.s.FileServer: Default base='/Users/krishanshukla/Documents/work/RandomGenApp'
2020-03-05 13:37:59,106 INFO o.a.j.s.SampleResult: Note: Sample TimeStamps are START times
2020-03-05 13:37:59,107 INFO o.a.j.s.SampleResult: sampleresult.default.encoding is set to ISO-8859-1
2020-03-05 13:37:59,107 INFO o.a.j.s.SampleResult: sampleresult.useNanoTime=true
2020-03-05 13:37:59,107 INFO o.a.j.s.SampleResult: sampleresult.nanoThreadSleep=5000
